<?xml version="1.0" encoding="UTF-8"?>
<testsuite xmlns:xsi="http://www.w3.org/2001/XMLSchema-instance" xsi:noNamespaceSchemaLocation="https://maven.apache.org/surefire/maven-surefire-plugin/xsd/surefire-test-report-3.0.xsd" version="3.0" name="passman.nucleo.servicio.ServicioCredencialesTest" time="0.26" tests="4" errors="0" skipped="0" failures="0">
  <properties>
[...]
</properties>
  <testcase name="testVerificarReutilizacion" classname="passman.nucleo.servicio.ServicioCredencialesTest" time="0.215"/>
  <testcase name="testEditarCredencial" classname="passman.nucleo.servicio.ServicioCredencialesTest" time="0.01"/>
  <testcase name="testObtenerCredencialesParaUI" classname="passman.nucleo.servicio.ServicioCredencialesTest" time="0.013"/>
  <testcase name="testGuardarCredencial" classname="passman.nucleo.servicio.ServicioCredencialesTest" time="0.009"/>
</testsuite>